<?xml version="1.0" encoding="UTF-8"?>
<!-- Generated by org.testng.reporters.JUnitReportReporter -->
<testsuite skipped="0" hostname="Leonidas" name="com.sin.scenario.Test002" tests="2" failures="0" timestamp="09 Apr 2018 05:29:23 GMT" time="8.236" errors="0">
  <testcase name="verifySearchButton" time="1.315" classname="com.sin.scenario.Test002"/>
  <testcase name="loginEdx" time="6.921" classname="com.sin.scenario.Test002"/>
</testsuite> <!-- com.sin.scenario.Test002 -->
