<?xml version="1.0" encoding="UTF-8"?>
<!-- Generated by org.testng.reporters.JUnitReportReporter -->
<testsuite skipped="0" hostname="Leonidas" name="com.sin.scenario.Test003" tests="2" failures="0" timestamp="09 Apr 2018 05:29:23 GMT" time="2.992" errors="0">
  <testcase name="browseCourses" time="1.775" classname="com.sin.scenario.Test003"/>
  <testcase name="browseCourses" time="1.217" classname="com.sin.scenario.Test003"/>
</testsuite> <!-- com.sin.scenario.Test003 -->
