<?xml version="1.0" encoding="UTF-8"?>
<!-- Generated by org.testng.reporters.JUnitReportReporter -->
<testsuite skipped="0" hostname="Leonidas" name="com.sin.scenario.Test003" tests="2" failures="0" timestamp="18 Mar 2018 06:43:56 GMT" time="25.101" errors="0">
  <testcase name="loginEdx" time="14.550" classname="com.sin.scenario.Test003"/>
  <testcase name="loginEdx" time="10.551" classname="com.sin.scenario.Test003"/>
</testsuite> <!-- com.sin.scenario.Test003 -->
