<?xml version="1.0" encoding="UTF-8"?>
<!-- Generated by org.testng.reporters.JUnitReportReporter -->
<testsuite skipped="0" hostname="Leonidas" name="com.sin.scenario.Test003" tests="2" failures="0" timestamp="09 Apr 2018 09:39:56 GMT" time="4.965" errors="0">
  <testcase name="browseCourses" time="2.024" classname="com.sin.scenario.Test003"/>
  <testcase name="browseCourses" time="2.941" classname="com.sin.scenario.Test003"/>
</testsuite> <!-- com.sin.scenario.Test003 -->
