<?xml version="1.0" encoding="UTF-8"?>
<!-- Generated by org.testng.reporters.JUnitReportReporter -->
<testsuite skipped="0" hostname="Leonidas" name="com.sin.Test002" tests="2" failures="0" timestamp="15 Mar 2018 17:42:44 GMT" time="3.556" errors="0">
  <testcase name="verifySearchButton" time="1.597" classname="com.sin.Test002"/>
  <testcase name="loginEdx" time="1.959" classname="com.sin.Test002"/>
</testsuite> <!-- com.sin.Test002 -->
