<?xml version="1.0" encoding="UTF-8"?>
<!-- Generated by org.testng.reporters.JUnitReportReporter -->
<testsuite skipped="0" hostname="Leonidas" name="com.sin.scenario.Test002" tests="2" failures="0" timestamp="18 Mar 2018 06:43:56 GMT" time="27.270" errors="0">
  <testcase name="loginEdx" time="22.598" classname="com.sin.scenario.Test002"/>
  <testcase name="verifySearchButton" time="4.672" classname="com.sin.scenario.Test002"/>
</testsuite> <!-- com.sin.scenario.Test002 -->
