<?xml version="1.0" encoding="UTF-8"?>
<!-- Generated by org.testng.reporters.JUnitReportReporter -->
<testsuite skipped="0" hostname="Leonidas" name="com.sin.scenario.Test002" tests="2" failures="0" timestamp="07 Apr 2018 18:47:12 GMT" time="8.902" errors="0">
  <testcase name="loginEdx" time="7.693" classname="com.sin.scenario.Test002"/>
  <testcase name="verifySearchButton" time="1.209" classname="com.sin.scenario.Test002"/>
</testsuite> <!-- com.sin.scenario.Test002 -->
