<?xml version="1.0" encoding="UTF-8"?>
<!-- Generated by org.testng.reporters.JUnitReportReporter -->
<testsuite skipped="0" hostname="Leonidas" name="com.sin.scenario.Test003" tests="2" failures="0" timestamp="07 Apr 2018 18:47:12 GMT" time="4.595" errors="0">
  <testcase name="browseCourses" time="3.262" classname="com.sin.scenario.Test003"/>
  <testcase name="browseCourses" time="1.333" classname="com.sin.scenario.Test003"/>
</testsuite> <!-- com.sin.scenario.Test003 -->
