<?xml version="1.0" encoding="UTF-8"?>
<!-- Generated by org.testng.reporters.JUnitReportReporter -->
<testsuite skipped="0" hostname="Leonidas" name="com.sin.scenario.Test002" tests="2" failures="0" timestamp="17 Mar 2018 15:12:00 GMT" time="10.041" errors="0">
  <testcase name="verifySearchButton" time="1.471" classname="com.sin.scenario.Test002"/>
  <testcase name="loginEdx" time="8.570" classname="com.sin.scenario.Test002"/>
</testsuite> <!-- com.sin.scenario.Test002 -->
