<?xml version="1.0" encoding="UTF-8"?>
<!-- Generated by org.testng.reporters.JUnitReportReporter -->
<testsuite skipped="0" hostname="Leonidas" name="com.sin.scenario.Test002" tests="2" failures="0" timestamp="20 Mar 2018 11:50:51 GMT" time="14.302" errors="0">
  <testcase name="loginEdx" time="9.178" classname="com.sin.scenario.Test002"/>
  <testcase name="verifySearchButton" time="5.124" classname="com.sin.scenario.Test002"/>
</testsuite> <!-- com.sin.scenario.Test002 -->
