<?xml version="1.0" encoding="UTF-8"?>
<!-- Generated by org.testng.reporters.JUnitReportReporter -->
<testsuite skipped="0" hostname="Leonidas" name="com.sin.scenario.Test003" tests="2" failures="0" timestamp="20 Mar 2018 11:50:51 GMT" time="7.821" errors="0">
  <testcase name="browseCourses" time="5.275" classname="com.sin.scenario.Test003"/>
  <testcase name="browseCourses" time="2.546" classname="com.sin.scenario.Test003"/>
</testsuite> <!-- com.sin.scenario.Test003 -->
