<?xml version="1.0" encoding="UTF-8"?>
<!-- Generated by org.testng.reporters.JUnitReportReporter -->
<testsuite skipped="0" hostname="Leonidas" name="com.sin.scenario.Test002" tests="2" failures="0" timestamp="08 Apr 2018 14:29:33 GMT" time="9.970" errors="0">
  <testcase name="verifySearchButton" time="1.493" classname="com.sin.scenario.Test002"/>
  <testcase name="loginEdx" time="8.477" classname="com.sin.scenario.Test002"/>
</testsuite> <!-- com.sin.scenario.Test002 -->
