<?xml version="1.0" encoding="UTF-8"?>
<!-- Generated by org.testng.reporters.JUnitReportReporter -->
<testsuite skipped="0" hostname="Leonidas" name="com.sin.base.BasicTest" tests="2" failures="0" timestamp="07 Apr 2018 07:05:03 GMT" time="12.154" errors="0">
  <testcase name="googleMilkExample" time="5.883" classname="com.sin.base.BasicTest"/>
  <testcase name="googleCheeseExample" time="6.271" classname="com.sin.base.BasicTest"/>
</testsuite> <!-- com.sin.base.BasicTest -->
