<?xml version="1.0" encoding="UTF-8"?>
<!-- Generated by org.testng.reporters.JUnitReportReporter -->
<testsuite skipped="0" hostname="Leonidas" name="com.sin.base.BasicTestWD" tests="4" failures="0" timestamp="07 Apr 2018 08:45:03 GMT" time="21.899" errors="0">
  <testcase name="googleMilkExample" time="4.949" classname="com.sin.base.BasicTestWD"/>
  <testcase name="googleDrinkExample" time="5.055" classname="com.sin.base.BasicTestWD"/>
  <testcase name="googleMouseExample" time="5.393" classname="com.sin.base.BasicTestWD"/>
  <testcase name="googleCheeseExample" time="6.502" classname="com.sin.base.BasicTestWD"/>
</testsuite> <!-- com.sin.base.BasicTestWD -->
